<?xml version="1.0" encoding="UTF-8"?>
<testng-results skipped="0" failed="0" ignored="0" total="1" passed="1">
  <reporter-output>
  </reporter-output>
  <suite name="Default suite" duration-ms="26750" started-at="2020-12-09T07:42:51Z" finished-at="2020-12-09T07:43:18Z">
    <groups>
      <group name="cucumber">
        <method signature="AbstractTestNGCucumberTests.runScenario(cucumber.api.testng.PickleEventWrapper, cucumber.api.testng.CucumberFeatureWrapper)[pri:0, instance:Runners.TestRunnerTestng@31a5c39e]" name="runScenario" class="cucumber.api.testng.AbstractTestNGCucumberTests"/>
      </group> <!-- cucumber -->
    </groups>
    <test name="Default test" duration-ms="26750" started-at="2020-12-09T07:42:51Z" finished-at="2020-12-09T07:43:18Z">
      <class name="Runners.TestRunnerTestng">
        <test-method status="PASS" signature="setUpClass()[pri:0, instance:Runners.TestRunnerTestng@31a5c39e]" name="setUpClass" is-config="true" duration-ms="340" started-at="2020-12-09T07:42:51Z" finished-at="2020-12-09T07:42:51Z">
          <reporter-output>
          </reporter-output>
        </test-method> <!-- setUpClass -->
        <test-method status="PASS" signature="runScenario(cucumber.api.testng.PickleEventWrapper, cucumber.api.testng.CucumberFeatureWrapper)[pri:0, instance:Runners.TestRunnerTestng@31a5c39e]" name="runScenario" duration-ms="26090" started-at="2020-12-09T07:42:51Z" description="Runs Cucumber Scenarios" data-provider="scenarios" finished-at="2020-12-09T07:43:17Z">
          <params>
            <param index="0">
              <value>
                <![CDATA["− Successful adding an item to the cart"]]>
              </value>
            </param>
            <param index="1">
              <value>
                <![CDATA["UpdateCart"]]>
              </value>
            </param>
          </params>
          <reporter-output>
          </reporter-output>
        </test-method> <!-- runScenario -->
        <test-method status="PASS" signature="tearDownClass()[pri:0, instance:Runners.TestRunnerTestng@31a5c39e]" name="tearDownClass" is-config="true" duration-ms="127" started-at="2020-12-09T07:43:17Z" finished-at="2020-12-09T07:43:18Z">
          <reporter-output>
          </reporter-output>
        </test-method> <!-- tearDownClass -->
      </class> <!-- Runners.TestRunnerTestng -->
    </test> <!-- Default test -->
  </suite> <!-- Default suite -->
</testng-results>
